[master 1598498] auto commit
 Committer: zhp <zhp@promote.cache-dns.local>
Your name and email address were configured automatically based
on your username and hostname. Please check that they are accurate.
You can suppress this message by setting them explicitly:

    git config --global user.name "Your Name"
    git config --global user.email you@example.com

After doing this, you may fix the identity used for this commit with:

    git commit --amend --reset-author

 1 file changed, 0 insertions(+), 0 deletions(-)
 create mode 100644 nohup.out
To https://github.com/cxzhp/docs.git
   79fb668..1598498  master -> master
[master 9821e9d] auto commit
 Committer: zhp <zhp@promote.cache-dns.local>
Your name and email address were configured automatically based
on your username and hostname. Please check that they are accurate.
You can suppress this message by setting them explicitly:

    git config --global user.name "Your Name"
    git config --global user.email you@example.com

After doing this, you may fix the identity used for this commit with:

    git commit --amend --reset-author

 1 file changed, 17 insertions(+)
To https://github.com/cxzhp/docs.git
   1598498..9821e9d  master -> master
[master f9a643e] auto commit
 Committer: zhp <zhp@promote.cache-dns.local>
Your name and email address were configured automatically based
on your username and hostname. Please check that they are accurate.
You can suppress this message by setting them explicitly:

    git config --global user.name "Your Name"
    git config --global user.email you@example.com

After doing this, you may fix the identity used for this commit with:

    git commit --amend --reset-author

 1 file changed, 16 insertions(+)
To https://github.com/cxzhp/docs.git
   9821e9d..f9a643e  master -> master
